C:\Program Files (x86)\Microsoft Visual Studio\2017\Community\Common7\IDE\VC\VCTargets\Microsoft.CppBuild.targets(391,5): warning MSB8028: 중간 디렉터리(Debug\)에 다른 프로젝트(VoiceRecording.vcxproj)에서 공유하는 파일이 포함되어 있습니다.  이로 인해 잘못된 정리 및 다시 빌드 동작이 수행될 수 있습니다.
  VoiceRecognition.cpp
c:\users\user\source\repos\voicerecognition\voicerecording\voicerecognition.cpp(235): warning C4996: 'kbhit': The POSIX name for this item is deprecated. Instead, use the ISO C and C++ conformant name: _kbhit. See online help for details.
  c:\program files (x86)\windows kits\10\include\10.0.17763.0\ucrt\conio.h(459): note: 'kbhit' 선언을 참조하십시오.
c:\users\user\source\repos\voicerecognition\voicerecording\voicerecognition.cpp(309): warning C4018: '<': signed 또는 unsigned가 일치하지 않습니다.
c:\users\user\source\repos\voicerecognition\voicerecording\voicerecognition.cpp(457): warning C4996: 'strcpy': This function or variable may be unsafe. Consider using strcpy_s instead. To disable deprecation, use _CRT_SECURE_NO_WARNINGS. See online help for details.
  c:\program files (x86)\windows kits\10\include\10.0.17763.0\ucrt\string.h(133): note: 'strcpy' 선언을 참조하십시오.
c:\users\user\source\repos\voicerecognition\voicerecording\voicerecognition.cpp(458): warning C4996: 'strcpy': This function or variable may be unsafe. Consider using strcpy_s instead. To disable deprecation, use _CRT_SECURE_NO_WARNINGS. See online help for details.
  c:\program files (x86)\windows kits\10\include\10.0.17763.0\ucrt\string.h(133): note: 'strcpy' 선언을 참조하십시오.
c:\users\user\source\repos\voicerecognition\voicerecording\voicerecognition.cpp(461): warning C4996: 'strtok': This function or variable may be unsafe. Consider using strtok_s instead. To disable deprecation, use _CRT_SECURE_NO_WARNINGS. See online help for details.
  c:\program files (x86)\windows kits\10\include\10.0.17763.0\ucrt\string.h(440): note: 'strtok' 선언을 참조하십시오.
c:\users\user\source\repos\voicerecognition\voicerecording\voicerecognition.cpp(468): warning C4996: 'strtok': This function or variable may be unsafe. Consider using strtok_s instead. To disable deprecation, use _CRT_SECURE_NO_WARNINGS. See online help for details.
  c:\program files (x86)\windows kits\10\include\10.0.17763.0\ucrt\string.h(440): note: 'strtok' 선언을 참조하십시오.
c:\users\user\source\repos\voicerecognition\voicerecording\voicerecognition.cpp(471): warning C4996: 'strtok': This function or variable may be unsafe. Consider using strtok_s instead. To disable deprecation, use _CRT_SECURE_NO_WARNINGS. See online help for details.
  c:\program files (x86)\windows kits\10\include\10.0.17763.0\ucrt\string.h(440): note: 'strtok' 선언을 참조하십시오.
c:\users\user\source\repos\voicerecognition\voicerecording\voicerecognition.cpp(479): warning C4996: 'strtok': This function or variable may be unsafe. Consider using strtok_s instead. To disable deprecation, use _CRT_SECURE_NO_WARNINGS. See online help for details.
  c:\program files (x86)\windows kits\10\include\10.0.17763.0\ucrt\string.h(440): note: 'strtok' 선언을 참조하십시오.
c:\users\user\source\repos\voicerecognition\voicerecording\voicerecognition.cpp(488): warning C4996: 'strtok': This function or variable may be unsafe. Consider using strtok_s instead. To disable deprecation, use _CRT_SECURE_NO_WARNINGS. See online help for details.
  c:\program files (x86)\windows kits\10\include\10.0.17763.0\ucrt\string.h(440): note: 'strtok' 선언을 참조하십시오.
c:\users\user\source\repos\voicerecognition\voicerecording\voicerecognition.cpp(493): warning C4996: 'strtok': This function or variable may be unsafe. Consider using strtok_s instead. To disable deprecation, use _CRT_SECURE_NO_WARNINGS. See online help for details.
  c:\program files (x86)\windows kits\10\include\10.0.17763.0\ucrt\string.h(440): note: 'strtok' 선언을 참조하십시오.
c:\users\user\source\repos\voicerecognition\voicerecording\voicerecognition.cpp(503): warning C4996: 'strtok': This function or variable may be unsafe. Consider using strtok_s instead. To disable deprecation, use _CRT_SECURE_NO_WARNINGS. See online help for details.
  c:\program files (x86)\windows kits\10\include\10.0.17763.0\ucrt\string.h(440): note: 'strtok' 선언을 참조하십시오.
c:\users\user\source\repos\voicerecognition\voicerecording\voicerecognition.cpp(508): warning C4996: 'strtok': This function or variable may be unsafe. Consider using strtok_s instead. To disable deprecation, use _CRT_SECURE_NO_WARNINGS. See online help for details.
  c:\program files (x86)\windows kits\10\include\10.0.17763.0\ucrt\string.h(440): note: 'strtok' 선언을 참조하십시오.
c:\users\user\source\repos\voicerecognition\voicerecording\voicerecognition.cpp(518): warning C4996: 'strtok': This function or variable may be unsafe. Consider using strtok_s instead. To disable deprecation, use _CRT_SECURE_NO_WARNINGS. See online help for details.
  c:\program files (x86)\windows kits\10\include\10.0.17763.0\ucrt\string.h(440): note: 'strtok' 선언을 참조하십시오.
c:\users\user\source\repos\voicerecognition\voicerecording\voicerecognition.cpp(523): warning C4996: 'strtok': This function or variable may be unsafe. Consider using strtok_s instead. To disable deprecation, use _CRT_SECURE_NO_WARNINGS. See online help for details.
  c:\program files (x86)\windows kits\10\include\10.0.17763.0\ucrt\string.h(440): note: 'strtok' 선언을 참조하십시오.
c:\users\user\source\repos\voicerecognition\voicerecording\voicerecognition.cpp(532): warning C4996: 'strtok': This function or variable may be unsafe. Consider using strtok_s instead. To disable deprecation, use _CRT_SECURE_NO_WARNINGS. See online help for details.
  c:\program files (x86)\windows kits\10\include\10.0.17763.0\ucrt\string.h(440): note: 'strtok' 선언을 참조하십시오.
c:\users\user\source\repos\voicerecognition\voicerecording\voicerecognition.cpp(537): warning C4996: 'strtok': This function or variable may be unsafe. Consider using strtok_s instead. To disable deprecation, use _CRT_SECURE_NO_WARNINGS. See online help for details.
  c:\program files (x86)\windows kits\10\include\10.0.17763.0\ucrt\string.h(440): note: 'strtok' 선언을 참조하십시오.
c:\users\user\source\repos\voicerecognition\voicerecording\voicerecognition.cpp(546): warning C4996: 'strtok': This function or variable may be unsafe. Consider using strtok_s instead. To disable deprecation, use _CRT_SECURE_NO_WARNINGS. See online help for details.
  c:\program files (x86)\windows kits\10\include\10.0.17763.0\ucrt\string.h(440): note: 'strtok' 선언을 참조하십시오.
c:\users\user\source\repos\voicerecognition\voicerecording\voicerecognition.cpp(551): warning C4996: 'strtok': This function or variable may be unsafe. Consider using strtok_s instead. To disable deprecation, use _CRT_SECURE_NO_WARNINGS. See online help for details.
  c:\program files (x86)\windows kits\10\include\10.0.17763.0\ucrt\string.h(440): note: 'strtok' 선언을 참조하십시오.
  VoiceRecording.vcxproj -> C:\Users\User\source\repos\VoiceRecognition\Debug\VoiceRecognition.exe
